SF:lib/src/utils/ad_preferences.dart
DA:18,20
DA:23,20
DA:26,20
DA:27,40
DA:33,0
DA:37,2
DA:47,32
DA:49,1
DA:50,4
DA:53,1
DA:54,2
DA:56,0
DA:57,0
DA:66,11
DA:67,33
DA:68,22
DA:69,11
DA:70,22
DA:71,22
DA:74,22
DA:77,6
DA:78,18
DA:79,6
DA:80,18
DA:81,12
DA:84,33
DA:86,11
DA:87,22
DA:96,2
DA:97,4
DA:99,1
DA:100,2
DA:105,0
DA:107,2
DA:108,4
DA:109,4
DA:116,6
DA:118,2
DA:119,4
DA:139,8
DA:142,16
DA:143,24
DA:148,8
DA:149,24
DA:156,8
DA:157,16
DA:159,8
DA:160,2
DA:164,1
DA:171,3
DA:172,2
DA:175,8
DA:176,16
DA:177,16
DA:178,24
DA:179,1
DA:186,8
DA:187,16
DA:188,16
DA:191,24
DA:193,7
DA:194,14
DA:203,2
DA:204,4
DA:206,6
DA:208,2
DA:209,6
DA:210,6
DA:221,7
DA:222,14
DA:224,1
DA:225,2
DA:232,6
DA:234,2
DA:235,4
DA:238,9
LF:76
LH:72
end_of_record
SF:lib/src/utils/safe_logger.dart
DA:20,0
DA:22,69
DA:27,3
DA:40,0
DA:46,0
DA:47,0
DA:51,35
DA:52,70
DA:54,99
DA:55,25
DA:56,48
DA:57,15
DA:58,0
DA:59,0
DA:60,0
DA:64,0
DA:68,35
DA:69,55
DA:70,35
DA:76,32
DA:77,32
DA:78,32
DA:79,96
DA:80,2
DA:84,24
DA:85,24
DA:86,24
DA:87,72
DA:88,2
DA:92,5
DA:93,5
DA:94,5
DA:95,15
DA:96,0
DA:102,0
DA:105,2
LF:36
LH:26
end_of_record
SF:lib/src/core/ad_consent.dart
DA:31,6
DA:68,4
DA:75,8
DA:76,8
DA:82,4
DA:83,2
DA:90,8
DA:92,0
DA:97,4
DA:98,4
DA:101,4
DA:111,8
DA:112,4
DA:113,8
DA:115,0
LF:15
LH:13
end_of_record
SF:lib/src/compliance/ad_event_log.dart
DA:17,2
DA:18,2
DA:33,3
DA:35,2
DA:36,4
DA:37,1
DA:39,1
DA:43,2
DA:44,1
DA:45,4
DA:47,2
DA:51,2
DA:52,4
DA:53,2
DA:54,6
DA:55,6
DA:56,4
DA:57,6
DA:58,6
DA:59,2
DA:63,1
DA:64,2
DA:66,0
DA:73,0
DA:74,0
DA:76,0
DA:77,0
DA:78,0
DA:82,2
DA:83,4
DA:84,8
DA:85,6
DA:87,2
DA:90,2
DA:91,12
DA:92,0
DA:96,10
DA:100,1
DA:101,1
DA:102,1
DA:103,2
DA:104,3
DA:105,1
DA:106,2
DA:107,1
DA:110,1
DA:111,2
DA:112,1
DA:113,1
DA:117,2
DA:118,5
DA:119,6
DA:120,2
DA:121,5
DA:122,4
DA:123,2
DA:124,2
DA:125,2
DA:126,2
DA:128,0
DA:129,0
DA:130,0
DA:131,0
LF:63
LH:52
end_of_record
SF:lib/src/compliance/compliance_report.dart
DA:12,1
DA:29,1
DA:38,1
DA:39,1
DA:43,1
DA:44,1
DA:45,1
DA:46,1
DA:47,1
DA:65,2
DA:66,2
DA:67,1
DA:68,1
DA:69,2
DA:70,1
DA:71,1
DA:72,1
DA:73,1
DA:74,1
DA:75,2
DA:77,1
DA:78,2
DA:79,1
DA:82,1
DA:85,2
LF:25
LH:25
end_of_record
SF:lib/src/config/ad_config.dart
DA:32,3
DA:54,8
DA:56,1
DA:57,2
DA:73,5
DA:81,1
DA:82,1
DA:88,0
DA:127,4
DA:128,2
DA:129,2
DA:130,2
DA:131,2
DA:132,2
DA:135,6
DA:136,3
DA:137,3
DA:138,3
DA:139,3
DA:140,3
DA:143,6
DA:144,3
DA:145,3
DA:146,3
DA:147,3
DA:148,3
DA:151,6
DA:152,3
DA:153,3
DA:154,3
DA:155,3
DA:156,3
DA:162,1
DA:202,4
DA:203,2
DA:204,2
DA:205,2
DA:206,2
DA:207,2
DA:210,4
DA:211,2
DA:212,2
DA:213,2
DA:214,2
DA:215,2
DA:218,4
DA:219,2
DA:220,2
DA:221,2
DA:222,2
DA:223,2
DA:226,4
DA:227,2
DA:228,2
DA:229,2
DA:230,2
DA:231,2
DA:237,2
DA:264,4
DA:435,9
LF:60
LH:59
end_of_record
SF:lib/src/consent/consent_dialog.dart
DA:30,2
DA:37,2
DA:40,2
DA:41,2
DA:43,2
DA:44,2
DA:45,2
DA:46,2
DA:47,2
DA:48,6
DA:53,4
DA:62,2
DA:72,2
DA:74,4
DA:75,2
DA:76,2
DA:78,2
DA:81,2
DA:82,6
DA:83,2
DA:84,2
DA:85,2
DA:86,2
DA:92,2
DA:94,2
DA:97,2
DA:123,2
DA:125,2
DA:126,4
DA:137,2
DA:139,2
DA:140,4
DA:142,2
DA:145,2
DA:146,2
DA:147,2
DA:148,2
DA:152,6
DA:154,2
DA:156,2
DA:157,4
DA:159,2
DA:161,2
DA:162,2
DA:163,2
DA:164,2
DA:169,1
DA:171,1
DA:172,1
DA:173,3
DA:174,1
DA:177,1
DA:179,1
DA:183,1
DA:184,2
DA:196,2
DA:198,2
DA:200,2
DA:201,2
DA:202,2
DA:203,2
DA:204,4
DA:205,1
DA:206,1
DA:207,2
DA:208,2
DA:211,1
DA:218,2
DA:220,2
DA:221,4
DA:222,2
DA:223,2
DA:224,4
DA:225,4
DA:228,2
DA:246,2
DA:251,2
DA:253,2
DA:255,2
DA:256,2
DA:257,2
DA:258,2
DA:260,2
DA:261,2
DA:276,2
DA:277,2
DA:279,2
DA:280,2
DA:298,2
DA:303,2
DA:305,2
DA:307,2
DA:308,2
DA:309,2
DA:310,2
DA:312,2
DA:313,2
DA:314,2
DA:315,2
DA:320,2
DA:321,2
DA:323,2
DA:324,2
LF:103
LH:103
end_of_record
SF:lib/src/consent/consent_dialog_strings.dart
DA:6,4
LF:1
LH:1
end_of_record
SF:lib/src/consent/consent_manager.dart
DA:24,1
DA:36,1
DA:39,1
DA:46,1
DA:51,1
DA:55,1
DA:56,1
DA:57,1
DA:63,1
DA:65,2
DA:75,2
DA:80,2
DA:83,3
DA:86,0
DA:90,2
DA:91,2
DA:93,1
DA:94,4
DA:95,3
DA:96,4
DA:99,1
DA:100,4
DA:103,1
DA:104,3
DA:113,1
DA:119,1
DA:121,1
DA:122,1
DA:127,1
DA:128,1
DA:130,1
DA:131,1
DA:136,1
DA:141,2
DA:142,1
DA:143,1
DA:145,1
DA:154,1
DA:155,1
DA:161,1
DA:162,4
DA:163,1
DA:169,1
DA:170,1
DA:171,3
DA:172,1
DA:173,1
DA:174,1
DA:179,1
DA:180,1
DA:181,2
DA:182,1
DA:183,3
DA:184,1
LF:54
LH:53
end_of_record
SF:lib/src/consent/consent_settings.dart
DA:11,7
DA:42,4
DA:45,2
DA:49,4
DA:52,2
DA:55,3
DA:62,3
DA:63,0
DA:64,3
DA:65,3
DA:66,0
DA:67,1
DA:71,4
DA:72,2
DA:73,2
DA:74,2
DA:77,2
DA:78,1
DA:79,1
DA:80,1
DA:81,1
DA:82,2
DA:85,2
DA:86,1
DA:87,1
DA:88,1
DA:89,1
DA:90,2
DA:91,2
DA:95,3
DA:97,1
DA:98,1
DA:100,1
DA:101,2
DA:106,1
DA:107,2
DA:108,2
DA:109,5
LF:38
LH:36
end_of_record
SF:lib/src/core/ad_manager.dart
DA:51,13
DA:52,26
DA:53,13
DA:58,26
DA:59,26
DA:60,13
DA:63,39
DA:77,0
DA:79,26
DA:92,6
DA:94,19
DA:96,5
DA:98,4
DA:103,1
DA:107,1
DA:109,2
DA:110,1
DA:115,2
DA:117,1
DA:119,2
DA:120,2
DA:121,2
DA:122,2
DA:124,1
DA:132,2
DA:133,1
DA:138,2
DA:145,1
DA:146,1
DA:147,2
DA:149,1
DA:151,1
DA:152,1
DA:153,2
DA:159,1
DA:160,2
DA:163,1
DA:164,2
DA:171,1
DA:173,2
DA:174,2
DA:175,2
DA:176,2
DA:179,1
DA:181,2
DA:182,2
DA:183,2
DA:184,2
DA:191,10
DA:196,1
DA:197,1
DA:201,9
DA:202,9
DA:205,8
DA:206,8
DA:211,7
DA:212,7
DA:217,0
DA:220,0
DA:223,9
DA:237,0
DA:238,0
DA:239,0
DA:241,0
DA:242,0
DA:243,0
DA:257,0
DA:265,22
DA:306,2
DA:307,2
DA:314,1
DA:315,1
DA:318,2
DA:320,2
DA:331,4
DA:334,4
DA:335,4
DA:345,1
DA:346,1
DA:350,13
DA:351,13
DA:352,26
DA:353,13
DA:364,1
DA:365,1
DA:366,1
DA:367,1
DA:370,1
DA:371,1
DA:372,2
DA:373,1
DA:374,1
DA:378,1
DA:392,1
DA:393,1
DA:394,1
DA:396,0
DA:397,0
DA:398,0
DA:399,0
DA:400,0
DA:404,0
DA:406,0
DA:407,0
DA:408,0
DA:409,0
DA:410,0
DA:411,0
DA:417,0
DA:418,0
DA:421,0
DA:423,0
DA:427,0
DA:428,0
DA:431,0
DA:432,0
DA:434,0
DA:438,0
DA:440,2
DA:442,1
DA:443,2
DA:444,4
DA:453,1
DA:454,1
DA:455,0
DA:456,1
DA:457,3
DA:460,0
DA:461,0
DA:462,0
DA:466,0
DA:467,0
DA:469,0
DA:470,0
DA:471,0
DA:472,0
DA:473,0
DA:474,0
DA:476,0
DA:480,0
DA:481,0
DA:482,0
DA:483,0
DA:488,1
DA:489,1
DA:490,1
DA:493,0
DA:497,2
DA:498,4
DA:499,10
DA:503,2
DA:504,6
DA:507,1
DA:508,3
DA:510,1
DA:511,3
DA:513,1
DA:514,3
DA:516,0
DA:517,0
DA:519,1
DA:520,3
DA:522,0
DA:523,0
DA:525,0
DA:527,0
DA:529,2
DA:530,3
DA:532,0
DA:534,0
DA:535,0
DA:536,0
DA:537,0
DA:538,0
DA:556,1
DA:562,1
DA:563,0
DA:566,1
DA:571,1
DA:572,1
DA:576,1
DA:577,1
DA:578,1
DA:582,1
DA:583,1
DA:584,1
DA:585,1
DA:588,1
DA:589,1
DA:590,4
DA:592,1
DA:593,2
DA:594,1
DA:595,2
DA:598,2
DA:599,2
DA:602,1
DA:603,0
DA:604,0
DA:611,1
DA:612,0
DA:613,1
DA:614,0
DA:616,3
DA:618,4
DA:623,4
DA:624,2
DA:626,2
DA:627,2
DA:628,3
DA:629,1
DA:630,1
DA:631,5
DA:636,1
DA:637,0
DA:638,0
DA:639,0
DA:640,0
DA:641,0
DA:642,0
DA:643,0
DA:647,0
DA:655,2
DA:656,1
DA:657,1
DA:658,2
DA:659,1
DA:667,1
DA:668,1
DA:670,0
DA:671,0
DA:673,0
DA:677,1
DA:678,1
DA:693,1
DA:694,1
DA:695,2
DA:699,4
DA:700,1
DA:709,2
DA:710,2
DA:712,2
DA:714,1
DA:715,2
DA:716,2
DA:720,0
DA:721,0
DA:722,0
DA:723,0
DA:729,0
DA:731,0
DA:733,0
DA:734,0
DA:740,0
DA:754,0
DA:757,0
DA:762,0
DA:763,0
DA:765,0
DA:767,0
DA:778,0
DA:779,0
DA:780,0
DA:781,0
DA:790,0
DA:791,0
DA:793,0
DA:794,0
DA:799,0
DA:800,0
DA:802,0
DA:805,0
DA:806,0
DA:807,0
DA:809,0
DA:810,0
DA:811,0
DA:813,1
DA:826,1
DA:827,1
DA:828,1
DA:830,0
DA:831,0
DA:834,0
DA:835,0
DA:836,0
DA:837,0
DA:838,0
DA:848,0
DA:849,0
DA:851,0
DA:852,0
DA:853,0
DA:854,0
DA:855,0
DA:856,0
DA:857,0
DA:858,0
DA:859,0
DA:861,0
DA:862,0
DA:864,0
DA:867,0
DA:868,0
DA:872,1
DA:873,1
DA:875,0
DA:878,2
DA:879,2
DA:884,0
DA:885,0
DA:886,0
DA:891,0
DA:892,0
DA:895,0
DA:896,0
DA:898,0
DA:899,0
DA:900,0
DA:901,0
DA:902,0
DA:903,0
DA:904,0
DA:905,0
DA:918,2
DA:919,2
DA:920,6
DA:921,2
DA:922,2
DA:926,4
DA:928,4
DA:934,0
DA:935,0
DA:951,0
DA:957,0
DA:967,0
DA:968,0
DA:969,0
DA:970,0
DA:972,0
DA:973,0
DA:978,0
DA:979,0
DA:980,0
DA:982,0
DA:983,0
DA:988,0
DA:989,0
DA:990,0
DA:1003,1
DA:1004,1
DA:1026,1
DA:1027,1
DA:1029,1
DA:1030,2
DA:1031,1
DA:1033,1
DA:1034,4
DA:1036,2
DA:1037,2
DA:1038,2
DA:1040,2
DA:1041,2
DA:1044,0
DA:1045,0
DA:1047,0
DA:1065,0
DA:1066,0
DA:1067,0
DA:1075,0
DA:1076,0
DA:1077,0
DA:1081,0
DA:1082,0
DA:1083,0
DA:1084,0
DA:1085,0
DA:1086,0
DA:1087,0
DA:1088,0
DA:1089,0
DA:1090,0
DA:1091,0
DA:1093,0
DA:1094,0
DA:1095,0
DA:1101,0
DA:1102,0
DA:1104,0
DA:1105,0
DA:1106,0
DA:1107,0
DA:1108,0
DA:1109,0
DA:1110,0
DA:1111,0
DA:1113,0
DA:1114,0
DA:1115,0
DA:1117,0
DA:1120,1
DA:1121,1
DA:1123,4
DA:1124,1
DA:1125,1
DA:1127,1
DA:1128,1
DA:1132,1
DA:1139,6
DA:1141,6
DA:1148,6
DA:1150,6
DA:1151,12
DA:1152,6
DA:1160,5
DA:1161,5
DA:1163,1
DA:1164,1
DA:1167,4
DA:1168,0
DA:1169,0
DA:1172,4
DA:1173,1
DA:1174,0
DA:1177,4
DA:1178,1
DA:1179,1
DA:1182,4
DA:1183,0
DA:1184,0
DA:1189,4
DA:1192,1
DA:1197,1
DA:1199,0
DA:1200,0
DA:1203,1
DA:1204,1
DA:1205,1
DA:1212,0
DA:1213,0
DA:1214,0
DA:1217,0
DA:1218,0
DA:1219,0
DA:1223,0
DA:1224,0
DA:1225,0
DA:1226,0
DA:1227,0
DA:1231,0
DA:1233,0
DA:1234,0
DA:1235,0
DA:1237,0
DA:1238,0
DA:1240,0
DA:1241,0
DA:1246,0
DA:1247,0
DA:1251,0
DA:1252,0
DA:1253,0
DA:1255,0
DA:1256,0
DA:1257,0
DA:1258,0
DA:1259,0
DA:1260,0
DA:1263,0
DA:1266,0
DA:1267,0
DA:1270,0
DA:1271,0
DA:1274,0
DA:1275,0
DA:1282,0
DA:1283,0
DA:1294,0
DA:1295,0
DA:1296,0
DA:1298,0
DA:1299,0
DA:1302,0
DA:1303,0
DA:1304,0
DA:1306,0
DA:1307,0
DA:1308,0
DA:1311,0
DA:1312,0
DA:1314,0
DA:1315,0
DA:1316,0
DA:1319,0
DA:1322,0
DA:1324,0
DA:1325,0
DA:1326,0
DA:1327,0
DA:1328,0
DA:1331,0
DA:1332,0
DA:1335,0
DA:1337,0
DA:1341,0
DA:1342,0
DA:1343,0
DA:1344,0
DA:1345,0
DA:1346,0
DA:1347,0
DA:1348,0
DA:1351,0
DA:1352,0
DA:1355,0
DA:1357,0
DA:1367,7
DA:1368,7
DA:1370,3
DA:1373,6
DA:1374,3
DA:1377,5
DA:1378,1
DA:1381,5
DA:1382,1
DA:1386,5
DA:1387,0
DA:1390,5
DA:1395,3
DA:1399,3
DA:1401,2
DA:1402,2
DA:1405,2
DA:1406,1
DA:1407,1
DA:1410,1
DA:1411,1
DA:1413,1
DA:1416,2
DA:1417,0
DA:1418,0
DA:1421,1
DA:1422,1
DA:1423,0
DA:1424,0
DA:1425,0
DA:1428,1
DA:1430,1
DA:1431,5
DA:1432,2
DA:1434,1
DA:1435,3
DA:1437,2
DA:1438,1
DA:1443,1
DA:1448,2
DA:1452,3
DA:1453,3
DA:1455,2
DA:1456,4
DA:1457,2
DA:1458,2
DA:1459,2
DA:1460,2
DA:1467,8
DA:1468,8
DA:1470,1
DA:1473,7
DA:1474,2
DA:1477,6
DA:1478,1
DA:1481,6
DA:1482,1
DA:1485,6
DA:1486,0
DA:1489,6
DA:1499,2
DA:1503,4
DA:1506,2
DA:1507,4
DA:1508,4
DA:1512,2
DA:1513,1
DA:1514,2
DA:1515,1
DA:1516,2
DA:1517,0
DA:1518,0
DA:1519,0
DA:1520,0
DA:1521,0
DA:1526,6
DA:1528,6
DA:1529,2
DA:1533,6
DA:1551,4
DA:1558,4
DA:1560,1
DA:1561,1
DA:1570,3
DA:1571,1
DA:1573,1
DA:1574,1
DA:1575,1
DA:1580,3
DA:1581,0
DA:1582,0
DA:1588,9
DA:1589,1
DA:1591,1
DA:1594,3
DA:1595,3
DA:1596,0
DA:1597,0
DA:1598,0
DA:1601,3
DA:1606,4
DA:1607,3
DA:1608,1
DA:1610,2
DA:1611,2
DA:1613,2
DA:1614,2
DA:1615,2
DA:1619,3
DA:1621,3
DA:1622,15
DA:1623,6
DA:1624,3
DA:1625,3
DA:1626,3
DA:1627,6
DA:1628,3
DA:1630,3
DA:1631,3
DA:1634,9
DA:1635,6
DA:1636,3
DA:1639,3
DA:1641,6
DA:1644,6
DA:1657,3
DA:1658,3
DA:1660,2
DA:1661,2
DA:1662,1
DA:1663,1
DA:1664,1
DA:1665,2
DA:1672,1
DA:1673,1
DA:1675,2
DA:1676,1
DA:1688,0
DA:1690,0
DA:1692,0
DA:1693,0
DA:1694,0
DA:1695,0
DA:1696,0
DA:1697,0
DA:1703,0
DA:1705,0
DA:1707,0
DA:1708,0
DA:1709,0
DA:1710,0
DA:1711,0
DA:1715,6
DA:1729,0
DA:1731,0
DA:1732,0
DA:1734,0
DA:1738,0
DA:1739,0
DA:1740,0
DA:1744,0
DA:1748,0
DA:1749,0
DA:1750,0
DA:1752,0
DA:1753,0
DA:1765,0
DA:1766,0
DA:1767,0
DA:1768,0
DA:1769,0
DA:1770,0
DA:1771,0
DA:1772,0
DA:1773,0
DA:1778,0
DA:1779,0
DA:1790,0
DA:1791,0
DA:1793,0
DA:1795,0
DA:1797,0
DA:1799,0
DA:1801,0
DA:1804,0
DA:1806,0
DA:1814,0
DA:1816,0
DA:1821,0
DA:1841,0
DA:1843,0
DA:1845,0
DA:1846,0
DA:1847,0
DA:1848,0
DA:1850,0
DA:1851,0
DA:1852,0
DA:1853,0
DA:1854,0
DA:1855,0
DA:1863,0
DA:1864,0
DA:1865,0
DA:1866,0
DA:1867,0
DA:1868,0
DA:1871,0
DA:1872,0
DA:1873,0
DA:1874,0
DA:1875,0
DA:1879,1
DA:1880,1
DA:1881,2
DA:1889,0
DA:1894,0
DA:1895,0
DA:1896,0
DA:1897,0
DA:1898,0
DA:1899,0
DA:1901,0
DA:1905,1
DA:1906,1
DA:1907,1
DA:1908,1
DA:1909,1
DA:1914,2
DA:1915,2
DA:1916,2
DA:1918,3
DA:1919,8
DA:1920,4
DA:1921,2
DA:1923,2
DA:1926,6
DA:1927,10
DA:1931,2
DA:1932,2
DA:1937,2
DA:1941,2
DA:1942,2
DA:1944,6
DA:1945,6
DA:1946,6
DA:1947,6
DA:1949,4
DA:1950,4
DA:1952,4
DA:1953,4
DA:1955,4
DA:1956,4
DA:1964,4
DA:1965,5
DA:1966,8
DA:1967,8
LF:773
LH:385
end_of_record
SF:lib/src/core/ad_provider_adapter.dart
DA:12,5
DA:23,7
DA:49,3
DA:50,6
DA:51,6
DA:52,6
DA:53,6
DA:54,6
LF:8
LH:8
end_of_record
SF:lib/src/core/ad_route_observer.dart
DA:13,4
DA:14,2
DA:31,2
DA:36,1
DA:38,1
DA:40,2
DA:41,4
DA:42,2
DA:45,1
DA:47,3
DA:48,4
DA:49,2
DA:52,0
DA:54,0
DA:55,0
DA:59,0
DA:61,0
DA:62,0
DA:63,0
DA:64,0
LF:20
LH:12
end_of_record
SF:lib/src/core/ad_safety_config.dart
DA:18,8
DA:41,1
DA:56,4
DA:57,2
DA:58,2
DA:59,2
DA:60,2
DA:61,2
DA:62,2
DA:63,2
DA:64,2
DA:65,2
DA:66,2
DA:67,2
DA:68,2
DA:114,8
DA:166,4
DA:179,4
DA:181,4
DA:183,4
DA:184,4
DA:185,4
DA:187,4
DA:189,4
DA:191,4
DA:193,3
DA:195,4
DA:196,4
DA:198,3
DA:202,0
DA:203,0
DA:204,0
DA:205,0
DA:206,0
DA:207,0
DA:208,0
DA:209,0
DA:210,0
DA:211,0
DA:212,0
DA:213,0
DA:223,14
DA:241,33
DA:243,10
DA:244,33
DA:245,33
DA:264,2
DA:273,33
DA:276,11
DA:282,11
DA:283,22
DA:284,11
DA:285,11
DA:286,22
DA:289,11
DA:294,7
DA:295,7
DA:296,15
DA:297,1
DA:298,2
DA:299,3
DA:308,7
DA:309,27
DA:311,7
DA:312,14
DA:314,7
DA:315,1
DA:316,3
DA:317,1
DA:318,2
DA:321,14
DA:322,21
DA:323,6
DA:324,2
DA:325,6
DA:326,2
DA:327,4
DA:330,21
DA:331,0
DA:332,0
DA:333,0
DA:334,0
DA:337,14
DA:338,35
DA:339,0
DA:340,0
DA:341,0
DA:342,0
DA:345,7
DA:346,21
DA:347,0
DA:348,0
DA:349,0
DA:352,7
DA:353,0
DA:354,0
DA:355,0
DA:356,0
DA:357,0
DA:358,0
DA:362,7
DA:363,9
DA:364,9
DA:365,6
DA:366,6
DA:367,12
DA:372,12
DA:384,3
DA:390,2
DA:392,4
DA:393,2
DA:396,2
DA:399,3
DA:400,9
DA:401,0
DA:402,0
DA:403,0
DA:408,3
DA:409,6
DA:413,3
DA:414,2
DA:415,6
DA:416,6
DA:418,4
DA:419,4
DA:420,2
DA:428,2
DA:436,2
DA:437,1
DA:438,3
DA:439,0
DA:441,0
DA:442,0
DA:443,0
DA:447,4
DA:448,10
DA:449,2
DA:450,10
DA:452,5
DA:453,2
DA:454,2
DA:455,1
DA:456,1
DA:464,4
DA:465,16
DA:466,2
DA:470,6
DA:471,12
DA:473,6
DA:474,6
DA:475,12
DA:476,6
DA:478,6
DA:479,6
DA:480,6
DA:481,12
DA:482,24
DA:483,12
DA:486,6
DA:491,3
DA:492,3
DA:493,3
DA:494,3
DA:495,3
DA:499,3
DA:500,6
DA:501,3
DA:502,6
DA:503,15
DA:505,3
DA:506,12
DA:508,3
DA:509,3
DA:510,12
DA:514,15
DA:515,3
DA:516,9
DA:517,6
DA:519,3
DA:523,2
DA:524,4
DA:527,2
DA:534,2
DA:535,2
DA:536,6
DA:537,2
DA:542,1
DA:544,11
DA:545,22
DA:547,22
DA:548,22
DA:554,22
DA:566,11
DA:567,11
DA:568,11
DA:573,11
DA:574,11
DA:579,11
DA:580,11
DA:581,11
DA:584,1
DA:585,1
DA:586,4
DA:588,1
DA:589,1
DA:590,2
DA:591,4
DA:592,2
DA:594,2
DA:596,3
DA:601,1
DA:602,1
DA:603,2
DA:605,1
DA:607,2
DA:608,2
DA:609,2
DA:610,1
DA:611,2
DA:613,2
DA:614,2
DA:617,3
DA:618,2
DA:629,3
DA:630,3
DA:632,8
DA:633,4
DA:634,4
DA:635,2
DA:637,4
DA:639,2
DA:641,2
DA:650,3
DA:652,3
DA:653,3
DA:654,3
DA:655,3
DA:657,6
DA:659,5
DA:660,2
DA:663,3
DA:664,3
DA:669,9
DA:670,6
DA:671,3
DA:672,3
DA:674,3
DA:678,2
DA:683,3
DA:697,2
DA:699,11
DA:700,35
DA:701,32
DA:703,22
DA:705,11
DA:706,11
DA:708,12
DA:709,6
DA:710,9
DA:712,33
DA:714,33
DA:715,55
DA:717,22
DA:719,22
DA:720,11
DA:721,11
DA:724,11
DA:725,33
LF:268
LH:232
end_of_record
SF:lib/src/core/ad_screen.dart
DA:27,1
DA:39,1
DA:41,1
DA:42,3
DA:43,2
DA:48,1
DA:49,3
DA:61,1
DA:65,1
DA:66,1
DA:67,1
DA:68,2
DA:71,2
DA:72,0
DA:73,0
DA:77,2
DA:78,2
DA:81,1
DA:83,1
DA:87,1
DA:89,3
DA:90,1
DA:91,1
DA:93,1
DA:96,0
DA:98,0
DA:100,0
DA:101,0
DA:102,0
DA:132,1
DA:141,1
DA:142,1
DA:143,1
DA:144,2
DA:147,2
DA:148,0
DA:149,0
DA:154,2
DA:156,0
DA:157,0
DA:159,0
DA:161,0
DA:166,2
DA:167,2
DA:171,1
DA:173,1
DA:174,1
DA:176,2
DA:179,1
DA:184,1
DA:191,1
DA:192,1
DA:195,2
DA:196,0
DA:197,0
DA:202,1
DA:204,3
DA:205,2
DA:206,1
DA:207,1
DA:210,1
DA:211,2
DA:214,1
DA:215,2
DA:216,1
DA:226,1
DA:232,1
DA:233,1
DA:234,2
DA:235,1
DA:236,1
DA:237,1
DA:238,1
DA:239,3
DA:240,1
DA:242,1
DA:243,3
DA:244,1
DA:252,1
DA:254,3
DA:255,1
DA:256,1
LF:82
LH:67
end_of_record
SF:lib/src/core/event_bus.dart
DA:4,3
DA:8,6
DA:9,4
DA:10,2
DA:14,1
DA:15,2
DA:18,1
DA:19,2
DA:24,2
DA:25,5
DA:27,1
DA:35,0
DA:36,0
LF:13
LH:11
end_of_record
SF:lib/src/core/ump_consent.dart
DA:9,0
DA:36,3
DA:37,3
DA:38,3
DA:40,0
DA:41,0
DA:42,0
DA:74,0
DA:84,0
DA:89,0
DA:95,0
DA:96,0
DA:98,0
DA:99,0
DA:100,0
DA:102,0
DA:104,0
DA:105,0
DA:106,0
DA:107,0
DA:114,0
DA:115,0
DA:123,0
DA:125,0
DA:126,0
DA:127,0
DA:129,0
DA:130,0
DA:131,0
DA:135,0
DA:138,0
DA:139,0
DA:141,0
DA:143,0
DA:146,0
DA:149,0
DA:150,0
DA:151,0
DA:153,0
DA:154,0
DA:156,0
DA:166,1
DA:187,0
DA:189,0
DA:190,0
DA:191,0
DA:201,1
DA:203,2
DA:204,1
DA:219,1
DA:223,2
DA:224,1
DA:225,1
DA:227,1
DA:228,2
DA:229,2
DA:230,2
DA:231,1
DA:234,1
DA:236,2
DA:238,1
DA:241,0
DA:243,1
DA:245,0
DA:248,2
DA:249,2
DA:250,1
DA:252,1
DA:253,2
DA:255,1
LF:70
LH:26
end_of_record
SF:lib/src/core/att_consent.dart
DA:34,4
DA:45,1
DA:46,4
DA:48,1
DA:50,4
DA:55,1
DA:57,1
DA:59,1
DA:61,1
DA:63,1
DA:65,0
DA:93,1
DA:101,1
DA:107,0
DA:109,0
DA:111,0
DA:114,1
DA:115,4
DA:117,1
DA:123,2
DA:124,1
DA:130,1
DA:131,1
DA:132,4
DA:136,1
DA:137,1
DA:138,2
DA:141,2
DA:142,3
DA:147,2
LF:30
LH:26
end_of_record
SF:lib/src/state/ad_event.dart
DA:21,8
DA:35,3
DA:47,5
DA:57,1
DA:65,4
DA:70,4
DA:78,2
DA:101,3
DA:114,1
DA:118,1
LF:10
LH:10
end_of_record
SF:lib/src/state/ad_placement.dart
DA:17,4
DA:45,3
DA:47,4
DA:49,1
DA:50,2
DA:52,1
DA:53,2
LF:7
LH:7
end_of_record
SF:lib/src/state/ad_slot.dart
DA:39,12
DA:66,33
DA:67,9
DA:68,24
DA:69,24
DA:70,27
DA:71,15
DA:85,5
DA:86,10
DA:87,5
DA:88,1
DA:89,1
DA:90,1
DA:94,10
DA:110,5
DA:111,10
DA:112,10
DA:117,8
DA:118,16
DA:119,8
DA:120,16
DA:121,8
DA:126,2
DA:127,4
DA:128,4
DA:129,4
DA:130,2
DA:136,8
DA:137,8
DA:138,8
DA:141,2
DA:149,7
DA:150,7
DA:151,14
DA:157,6
DA:158,12
DA:162,5
DA:163,10
DA:164,10
DA:165,10
DA:170,0
DA:171,0
DA:173,0
DA:177,4
DA:178,8
DA:179,4
DA:180,4
DA:181,4
DA:182,4
DA:188,4
DA:189,8
DA:192,0
DA:194,0
LF:53
LH:48
end_of_record
SF:lib/src/state/backoff.dart
DA:13,3
DA:21,1
DA:22,1
DA:23,5
DA:24,3
DA:29,1
DA:34,3
DA:35,2
LF:8
LH:8
end_of_record
SF:lib/src/vip/signed_vip_key.dart
DA:10,2
DA:22,3
DA:24,0
DA:25,0
DA:32,2
DA:35,2
DA:38,3
DA:47,3
DA:57,6
DA:71,2
DA:75,4
DA:76,8
DA:83,4
DA:84,4
DA:91,2
DA:95,4
DA:99,2
DA:100,4
DA:102,2
DA:108,2
DA:112,2
DA:113,4
DA:114,4
DA:115,2
DA:116,6
DA:119,4
DA:122,6
DA:124,2
DA:126,4
DA:128,0
LF:30
LH:27
end_of_record
SF:lib/src/vip/vip_dialog_strings.dart
DA:19,3
DA:38,1
DA:39,2
LF:3
LH:3
end_of_record
SF:lib/src/vip/vip_entry.dart
DA:12,9
DA:30,8
DA:31,8
DA:32,16
DA:33,16
DA:36,2
DA:37,2
DA:38,4
DA:39,4
DA:40,2
DA:50,16
DA:51,8
DA:52,16
DA:53,16
DA:56,14
DA:57,7
DA:58,14
DA:59,14
DA:62,8
DA:63,40
DA:65,8
DA:66,8
DA:69,8
DA:73,8
DA:76,8
DA:77,15
DA:79,7
DA:80,21
DA:89,0
DA:91,0
LF:30
LH:28
end_of_record
SF:lib/src/vip/vip_manager.dart
DA:31,7
DA:36,7
DA:93,21
DA:96,8
DA:99,3
DA:102,7
DA:104,14
DA:105,7
DA:106,13
DA:112,15
DA:118,2
DA:122,1
DA:123,1
DA:125,4
DA:127,2
DA:130,7
DA:131,7
DA:132,7
DA:133,7
DA:135,7
DA:136,21
DA:137,28
DA:138,21
DA:139,14
DA:140,14
DA:146,21
DA:162,7
DA:163,7
DA:164,7
DA:165,28
DA:167,14
DA:168,14
DA:169,8
DA:170,1
DA:171,1
DA:172,1
DA:174,2
DA:175,2
DA:176,2
DA:177,3
DA:178,2
DA:182,1
DA:184,1
DA:185,1
DA:186,1
DA:187,1
DA:190,14
DA:192,7
DA:193,7
DA:194,7
DA:195,35
DA:198,7
DA:199,21
DA:200,28
DA:203,14
DA:204,0
DA:209,7
DA:210,14
DA:211,28
DA:212,21
DA:213,15
DA:214,6
DA:218,7
DA:219,14
DA:220,28
DA:221,7
DA:222,14
DA:223,28
DA:224,14
DA:228,7
DA:236,7
DA:237,12
DA:238,7
DA:241,14
DA:242,7
DA:243,6
DA:244,7
DA:248,7
DA:250,14
DA:251,14
DA:252,4
DA:258,14
DA:259,7
DA:262,0
DA:265,28
DA:266,21
DA:269,4
DA:270,4
DA:271,4
DA:272,4
DA:273,4
DA:275,4
DA:305,7
DA:310,7
DA:311,7
DA:312,14
DA:313,1
DA:314,7
DA:315,0
DA:316,0
DA:317,0
DA:318,0
DA:323,7
DA:324,29
DA:330,9
DA:331,16
DA:333,5
DA:335,5
DA:337,2
DA:338,2
DA:340,4
DA:343,5
DA:348,5
DA:349,4
DA:351,10
DA:353,5
DA:354,20
DA:355,5
DA:356,5
DA:357,5
DA:361,5
DA:363,5
DA:366,5
DA:368,4
DA:369,6
DA:370,4
DA:371,6
DA:373,3
DA:377,10
DA:378,5
DA:379,15
DA:381,5
DA:382,5
DA:383,5
DA:404,0
DA:412,0
DA:413,0
DA:416,0
DA:418,0
DA:419,0
DA:420,0
DA:427,0
DA:432,0
DA:437,0
DA:439,0
DA:440,0
DA:444,0
DA:446,0
DA:450,0
DA:451,0
DA:452,0
DA:457,0
DA:458,0
DA:459,0
DA:463,0
DA:475,2
DA:482,2
DA:483,2
DA:484,6
DA:485,4
DA:487,2
DA:488,2
DA:494,6
DA:495,6
DA:496,6
DA:499,6
DA:507,6
DA:508,1
DA:509,2
DA:513,2
DA:514,4
DA:515,2
DA:518,6
DA:519,6
DA:520,2
DA:522,2
DA:523,6
DA:524,2
DA:526,6
DA:530,0
DA:536,0
DA:539,0
DA:542,0
DA:547,0
DA:550,1
DA:551,1
DA:552,2
DA:553,5
DA:554,3
DA:555,2
DA:556,1
DA:557,1
DA:558,1
DA:563,6
DA:564,12
DA:565,6
DA:566,6
DA:567,6
DA:568,6
DA:582,7
DA:583,13
DA:584,7
DA:585,14
LF:203
LH:171
end_of_record
SF:lib/src/vip/vip_redeem_screen.dart
DA:17,3
DA:64,2
DA:65,0
DA:66,2
DA:67,0
DA:68,2
DA:126,1
DA:151,1
DA:152,1
DA:172,3
DA:174,1
DA:176,1
DA:177,2
DA:180,1
DA:181,2
DA:184,1
DA:185,2
DA:188,1
DA:189,1
DA:190,1
DA:192,1
DA:193,2
DA:195,5
DA:197,2
DA:198,0
DA:199,0
DA:201,3
DA:202,1
DA:203,3
DA:207,1
DA:209,2
DA:210,2
DA:211,2
DA:212,2
DA:213,2
DA:214,2
DA:215,2
DA:216,2
DA:217,2
DA:218,2
DA:219,2
DA:220,2
DA:221,1
DA:224,1
DA:225,1
DA:226,2
DA:227,2
DA:228,2
DA:231,1
DA:232,3
DA:233,2
DA:234,2
DA:235,0
DA:238,2
DA:240,0
DA:243,2
DA:245,1
DA:247,2
DA:250,1
DA:251,1
DA:252,1
DA:253,2
DA:254,2
DA:255,2
DA:256,3
DA:258,1
DA:259,3
DA:261,1
DA:262,3
DA:265,1
DA:267,3
DA:271,0
DA:272,0
DA:273,0
DA:275,0
DA:278,0
DA:280,0
DA:281,0
DA:283,0
DA:284,0
DA:287,0
DA:288,0
DA:290,0
DA:291,0
DA:292,0
DA:295,0
DA:296,0
DA:297,0
DA:298,0
DA:299,0
DA:301,0
DA:304,0
DA:308,0
DA:309,0
DA:310,0
DA:311,0
DA:313,0
DA:314,0
DA:315,0
DA:316,0
DA:319,0
DA:320,0
DA:321,0
DA:322,0
DA:324,0
DA:325,0
DA:326,0
DA:327,0
DA:330,0
DA:331,0
DA:332,0
DA:333,0
DA:335,0
DA:336,0
DA:337,0
DA:338,0
DA:339,0
DA:340,0
DA:342,0
DA:344,0
DA:345,0
DA:346,0
DA:347,0
DA:352,0
DA:355,1
DA:356,1
DA:357,3
DA:358,1
DA:359,1
DA:366,1
DA:368,2
DA:370,0
DA:372,0
DA:377,0
DA:378,0
DA:380,0
DA:381,0
DA:383,0
DA:384,0
DA:393,1
DA:396,1
DA:402,1
DA:403,1
DA:404,1
DA:405,1
DA:406,1
DA:407,1
DA:408,3
DA:409,1
DA:410,1
DA:411,1
DA:412,1
DA:413,1
DA:415,1
DA:416,2
DA:417,1
DA:418,2
DA:420,2
DA:422,2
DA:424,2
DA:425,3
DA:427,2
DA:429,2
DA:430,3
DA:432,2
DA:436,1
DA:446,1
DA:447,1
DA:449,1
DA:451,2
DA:454,1
DA:455,3
DA:456,1
DA:459,1
DA:461,2
DA:462,1
DA:463,1
DA:472,1
DA:473,1
DA:474,1
DA:475,1
DA:478,1
DA:479,1
DA:480,1
DA:482,1
DA:483,1
DA:494,1
DA:496,1
DA:497,1
DA:498,1
DA:502,1
DA:503,1
DA:504,1
DA:509,1
DA:510,1
DA:511,1
DA:513,1
DA:514,4
DA:523,1
DA:525,4
DA:526,2
DA:528,1
DA:529,1
DA:533,1
DA:535,2
DA:537,2
DA:539,1
DA:547,1
DA:548,2
DA:549,1
DA:550,2
DA:551,2
DA:552,2
DA:553,1
DA:554,1
DA:555,1
DA:556,1
DA:559,0
DA:561,1
DA:562,1
DA:563,1
DA:564,2
DA:565,2
DA:576,1
DA:577,1
DA:578,1
DA:579,1
DA:580,3
DA:581,2
DA:582,2
DA:584,3
DA:585,1
DA:586,1
DA:587,1
DA:588,1
DA:589,1
DA:592,1
DA:593,1
DA:594,1
DA:601,1
DA:603,2
DA:604,1
DA:605,0
DA:612,1
DA:613,1
DA:615,1
DA:617,1
DA:636,1
DA:637,1
DA:639,1
DA:642,1
DA:644,1
DA:645,1
DA:646,1
DA:652,1
DA:654,2
DA:657,1
DA:659,1
DA:660,1
DA:661,3
DA:662,1
DA:665,1
DA:667,2
DA:668,1
DA:669,1
DA:670,1
DA:675,1
DA:678,1
DA:684,1
DA:685,1
DA:686,1
DA:700,1
DA:701,2
DA:702,1
DA:703,2
DA:704,1
DA:705,0
DA:706,4
DA:708,1
DA:709,1
DA:711,1
DA:712,1
DA:713,1
DA:715,2
DA:717,1
DA:719,1
DA:722,1
DA:723,0
DA:734,1
DA:735,1
DA:737,1
DA:738,1
DA:739,1
DA:740,2
DA:742,1
DA:744,1
DA:745,1
DA:746,1
DA:750,3
DA:758,3
DA:759,1
DA:760,1
DA:764,1
DA:765,1
DA:766,2
DA:767,1
DA:768,1
DA:770,0
DA:776,1
DA:777,2
DA:778,1
DA:779,1
DA:782,1
DA:787,2
DA:789,1
DA:792,2
DA:793,1
DA:794,1
DA:796,1
DA:797,1
DA:798,1
DA:799,1
DA:800,1
DA:801,1
DA:808,1
DA:809,1
DA:810,1
DA:811,1
DA:812,1
DA:813,2
DA:814,3
DA:824,1
DA:826,1
DA:827,1
DA:830,1
DA:832,1
DA:834,1
DA:836,2
DA:837,2
DA:838,1
DA:841,1
DA:842,1
DA:845,1
DA:846,1
DA:847,1
DA:852,1
DA:855,1
DA:856,1
DA:858,1
DA:859,1
DA:861,1
DA:867,1
DA:869,1
DA:870,1
DA:871,1
DA:872,1
DA:879,1
DA:880,3
DA:881,1
DA:884,1
DA:899,1
DA:900,4
DA:901,2
DA:902,1
DA:904,1
DA:905,1
DA:907,1
DA:908,1
DA:909,1
DA:910,5
DA:916,2
DA:917,0
DA:918,0
DA:921,0
DA:927,2
DA:932,1
DA:933,1
DA:935,1
DA:936,1
DA:937,1
DA:938,2
DA:940,1
DA:941,1
DA:942,1
DA:943,1
DA:945,3
DA:946,1
DA:947,1
DA:953,1
DA:954,4
DA:955,4
DA:956,4
DA:957,1
DA:958,1
DA:959,1
DA:965,0
DA:968,0
DA:971,0
DA:974,2
DA:977,1
DA:978,0
DA:979,3
DA:981,1
DA:984,1
DA:985,1
DA:986,1
DA:987,2
DA:989,1
DA:990,1
DA:991,1
DA:993,1
DA:994,1
DA:995,1
DA:997,1
DA:1000,1
DA:1001,1
DA:1003,1
DA:1004,1
DA:1012,4
DA:1013,1
DA:1014,1
DA:1020,1
DA:1022,2
DA:1023,0
DA:1030,1
DA:1031,1
DA:1033,1
DA:1034,1
DA:1035,1
DA:1036,1
DA:1037,1
DA:1042,1
DA:1044,2
DA:1046,1
DA:1048,1
DA:1049,1
DA:1050,1
DA:1054,1
DA:1055,3
DA:1061,1
DA:1064,1
DA:1066,1
DA:1067,3
DA:1077,3
DA:1078,1
DA:1079,1
DA:1083,1
DA:1084,1
DA:1085,1
DA:1086,1
DA:1093,1
DA:1094,1
DA:1095,1
DA:1098,1
DA:1100,1
DA:1101,1
DA:1102,2
DA:1103,2
DA:1104,1
DA:1107,1
DA:1112,1
DA:1113,1
DA:1114,1
DA:1115,1
DA:1120,1
DA:1122,1
DA:1123,1
DA:1124,1
DA:1125,1
DA:1132,1
DA:1134,1
DA:1138,4
DA:1155,1
DA:1156,1
DA:1158,1
DA:1159,1
DA:1160,1
DA:1161,2
DA:1163,1
DA:1165,1
DA:1166,1
DA:1167,1
DA:1171,3
DA:1179,1
DA:1181,2
DA:1183,1
DA:1184,2
DA:1185,1
DA:1187,2
DA:1189,1
DA:1190,2
DA:1192,1
DA:1194,1
DA:1195,1
DA:1197,1
DA:1200,1
DA:1201,1
DA:1202,1
DA:1203,1
DA:1205,1
DA:1206,3
DA:1207,1
DA:1208,1
DA:1221,1
DA:1223,1
DA:1225,1
DA:1226,1
DA:1227,1
DA:1228,2
DA:1230,1
DA:1232,1
DA:1233,1
DA:1235,1
DA:1237,1
DA:1238,1
DA:1239,1
DA:1241,1
DA:1242,1
DA:1243,1
DA:1244,1
DA:1245,1
DA:1249,1
DA:1250,1
DA:1251,1
DA:1252,1
DA:1256,1
DA:1257,1
DA:1258,1
DA:1262,1
DA:1265,1
DA:1266,1
DA:1267,1
DA:1268,3
DA:1269,1
DA:1270,1
DA:1283,1
DA:1284,1
DA:1285,1
DA:1288,1
DA:1289,2
DA:1290,1
DA:1291,2
DA:1294,3
DA:1300,2
DA:1301,1
DA:1302,2
DA:1305,3
DA:1316,1
DA:1317,1
DA:1319,2
DA:1320,2
DA:1321,1
DA:1322,1
DA:1323,1
DA:1325,1
DA:1326,1
DA:1327,1
DA:1329,4
DA:1336,1
DA:1337,2
DA:1338,5
DA:1341,1
DA:1342,3
DA:1343,3
DA:1344,3
DA:1345,3
DA:1346,2
DA:1349,1
DA:1350,3
DA:1351,3
DA:1352,2
LF:571
LH:491
end_of_record
SF:lib/src/widget/ad_loading_dialog.dart
DA:23,3
DA:40,1
DA:45,1
DA:48,1
DA:50,0
DA:59,2
DA:61,0
DA:66,2
DA:67,2
DA:70,2
DA:71,4
DA:72,4
DA:78,2
DA:84,1
DA:86,0
DA:94,2
DA:99,2
DA:104,1
DA:106,1
DA:111,4
DA:118,2
DA:120,2
DA:122,2
DA:125,2
DA:126,4
DA:127,4
DA:131,4
DA:138,2
DA:139,1
DA:141,1
DA:146,2
DA:148,2
DA:149,2
DA:152,0
DA:159,2
DA:160,2
DA:165,3
DA:169,3
DA:171,3
DA:179,3
DA:181,3
DA:182,3
DA:186,3
DA:187,6
DA:188,3
DA:191,3
DA:193,6
DA:194,3
DA:195,3
DA:196,3
DA:199,3
DA:201,3
DA:206,3
DA:208,3
DA:212,3
DA:214,3
DA:215,3
DA:218,3
DA:219,3
DA:220,3
DA:221,3
DA:222,3
DA:225,3
DA:226,3
DA:227,3
DA:233,3
DA:235,3
DA:236,3
DA:239,3
DA:241,3
DA:242,3
DA:245,3
DA:249,3
DA:250,6
DA:251,3
DA:252,3
LF:76
LH:72
end_of_record
SF:lib/src/widget/banner_ad_widget.dart
DA:27,3
DA:29,2
DA:30,2
DA:55,2
DA:57,2
DA:58,2
DA:61,2
DA:63,2
DA:64,4
DA:65,4
DA:66,2
DA:67,2
DA:69,4
DA:70,2
DA:71,7
DA:74,4
DA:75,4
DA:76,4
DA:80,2
DA:81,2
DA:82,2
DA:83,2
DA:86,1
DA:87,1
DA:90,1
DA:91,0
DA:94,1
DA:95,1
DA:98,1
DA:99,1
DA:102,1
DA:103,2
DA:105,1
DA:106,3
DA:107,1
DA:109,0
DA:115,2
DA:117,2
DA:118,2
DA:119,2
DA:122,6
DA:123,2
DA:124,2
DA:127,3
DA:128,1
DA:129,2
DA:132,2
DA:135,2
DA:137,2
DA:138,2
DA:139,2
DA:140,2
DA:141,2
DA:142,2
DA:144,2
DA:147,2
DA:149,2
DA:150,2
DA:151,2
DA:152,2
DA:153,2
DA:154,3
DA:155,1
DA:156,2
DA:159,2
DA:162,1
DA:164,4
DA:165,1
DA:168,2
DA:169,4
DA:171,4
DA:172,3
DA:176,2
DA:178,6
DA:179,4
DA:180,4
DA:181,4
DA:182,2
DA:187,2
DA:192,2
DA:193,4
DA:194,2
DA:195,10
DA:196,1
DA:197,3
DA:198,1
DA:199,1
DA:200,1
DA:207,4
DA:208,3
DA:209,2
DA:211,2
DA:213,2
DA:214,2
DA:215,2
DA:217,1
DA:218,1
DA:219,2
DA:230,6
DA:234,1
DA:235,1
DA:236,1
DA:237,1
DA:239,1
DA:240,2
DA:241,1
DA:242,2
DA:245,1
DA:246,2
DA:247,1
DA:249,1
DA:250,2
DA:251,1
DA:253,0
DA:254,0
DA:255,0
DA:256,0
DA:259,1
DA:260,2
DA:261,2
DA:262,0
DA:263,0
DA:277,0
DA:278,0
DA:279,0
DA:280,0
DA:282,0
DA:283,0
DA:284,0
DA:286,0
DA:287,0
DA:288,0
DA:289,0
DA:291,0
DA:292,0
DA:303,1
DA:313,1
DA:315,1
DA:316,1
DA:317,1
DA:318,1
DA:319,1
DA:320,1
DA:321,0
DA:322,1
DA:326,1
DA:329,1
DA:330,1
DA:336,0
DA:338,0
DA:354,1
DA:358,0
DA:359,1
DA:376,3
DA:378,0
DA:380,0
DA:403,0
DA:413,0
DA:415,0
DA:416,0
DA:417,0
DA:418,0
DA:419,0
DA:421,0
DA:424,0
DA:425,0
DA:426,0
DA:427,0
DA:428,0
DA:429,0
DA:430,0
DA:431,0
DA:433,0
DA:439,0
DA:440,0
DA:441,0
DA:442,0
LF:177
LH:129
end_of_record
SF:lib/src/widget/debug_ad_overlay.dart
DA:21,0
DA:39,2
DA:40,1
DA:42,1
DA:43,1
DA:49,1
DA:51,2
DA:52,1
DA:55,1
DA:57,2
DA:58,1
DA:59,1
DA:60,1
DA:62,1
DA:63,1
DA:64,2
DA:65,1
DA:66,2
DA:67,1
DA:68,1
DA:69,1
DA:71,1
DA:72,0
DA:76,0
DA:88,1
DA:92,1
DA:93,1
DA:94,1
DA:95,1
DA:97,1
DA:98,1
DA:99,1
DA:101,2
DA:108,0
DA:111,0
DA:113,0
DA:115,0
DA:118,0
DA:119,0
DA:120,0
DA:121,0
DA:123,0
DA:130,0
DA:133,0
DA:134,0
DA:136,0
DA:139,0
DA:140,0
DA:146,0
DA:148,0
DA:151,0
DA:152,0
DA:153,0
DA:154,0
DA:165,0
DA:167,0
DA:168,0
DA:169,0
DA:170,0
DA:172,0
DA:174,0
DA:175,0
DA:176,0
DA:177,0
DA:178,0
DA:185,0
DA:186,0
DA:187,0
DA:188,0
DA:189,0
LF:70
LH:30
end_of_record
SF:lib/src/widget/revenue_panel.dart
DA:16,0
DA:25,2
DA:26,2
DA:34,2
DA:36,2
DA:37,10
DA:40,1
DA:41,1
DA:42,1
DA:43,6
DA:44,5
DA:48,2
DA:50,4
DA:51,2
DA:52,4
DA:53,4
DA:54,2
DA:57,2
DA:59,2
DA:60,2
DA:61,2
DA:62,2
DA:63,2
DA:64,2
DA:65,4
DA:66,1
DA:67,1
DA:68,4
DA:69,2
DA:70,2
DA:74,1
DA:76,1
DA:78,1
DA:81,1
DA:86,1
DA:87,1
DA:91,2
LF:37
LH:36
end_of_record
SF:lib/src/widget/top_toast.dart
DA:20,0
DA:25,2
DA:33,4
DA:35,2
DA:36,2
DA:37,2
DA:38,4
DA:48,2
DA:49,2
DA:51,0
DA:55,2
DA:57,1
DA:68,2
DA:84,2
DA:85,2
DA:94,2
DA:96,2
DA:97,2
DA:101,2
DA:102,4
DA:103,4
DA:106,4
DA:108,2
DA:109,8
DA:112,2
DA:113,2
DA:114,2
DA:116,2
DA:117,3
DA:120,2
DA:122,4
DA:123,2
DA:124,2
DA:125,2
DA:126,2
DA:129,2
DA:131,8
DA:132,2
DA:133,2
DA:135,2
DA:139,2
DA:141,2
DA:143,2
DA:145,2
DA:146,2
DA:147,2
DA:148,2
DA:149,2
DA:150,2
DA:151,2
DA:156,2
DA:157,6
DA:158,2
DA:159,2
DA:160,6
DA:163,2
DA:164,2
DA:165,2
DA:169,2
DA:170,6
DA:176,2
DA:178,2
DA:180,2
DA:182,2
DA:183,6
DA:186,2
DA:187,4
DA:188,4
DA:194,2
DA:195,2
DA:196,4
LF:71
LH:69
end_of_record
SF:lib/src/adapters/admob_adapter.dart
DA:26,3
DA:30,3
DA:58,1
DA:59,1
DA:62,1
DA:63,1
DA:68,2
DA:71,1
DA:73,1
DA:74,0
DA:75,0
DA:78,0
DA:88,0
DA:89,0
DA:90,0
DA:91,0
DA:94,0
DA:96,0
DA:100,0
DA:101,0
DA:147,0
DA:148,0
DA:150,0
DA:152,0
DA:155,0
DA:158,0
DA:159,0
DA:160,0
DA:161,0
DA:167,2
DA:169,2
DA:171,0
DA:175,4
DA:176,3
DA:177,1
DA:178,1
DA:179,3
DA:182,3
DA:187,2
DA:189,6
DA:190,3
DA:191,2
DA:192,4
DA:193,2
DA:194,4
DA:195,2
DA:196,4
DA:197,2
DA:199,2
DA:201,0
DA:203,2
DA:206,3
DA:207,2
DA:208,2
DA:209,2
DA:210,2
DA:211,2
DA:213,4
DA:214,4
DA:215,4
DA:216,4
DA:218,6
DA:219,6
DA:220,6
DA:221,6
DA:222,6
DA:223,2
DA:228,4
DA:229,4
DA:230,4
DA:231,4
DA:232,4
DA:234,2
DA:235,2
DA:237,2
DA:238,2
DA:241,1
DA:247,2
DA:251,2
DA:252,1
DA:254,3
DA:255,1
DA:256,2
DA:260,2
DA:265,1
DA:267,0
DA:284,1
DA:287,3
DA:290,1
DA:292,1
DA:294,0
DA:299,1
DA:300,0
DA:301,0
DA:302,0
DA:305,0
DA:306,0
DA:307,0
DA:308,0
DA:309,0
DA:312,2
DA:313,0
DA:314,0
DA:317,2
DA:318,3
DA:321,2
DA:322,1
DA:323,1
DA:324,1
DA:325,1
DA:326,3
DA:327,1
DA:328,1
DA:329,2
DA:330,2
DA:331,1
DA:337,0
DA:338,0
DA:339,0
DA:340,0
DA:341,0
DA:342,0
DA:351,0
DA:352,0
DA:353,0
DA:357,1
DA:360,1
DA:361,2
DA:362,0
DA:363,0
DA:364,0
DA:367,2
DA:368,0
DA:369,0
DA:372,1
DA:374,2
DA:375,0
DA:376,1
DA:377,3
DA:378,2
DA:379,1
DA:380,1
DA:381,1
DA:382,2
DA:383,1
DA:384,1
DA:385,1
DA:387,0
DA:388,0
DA:389,0
DA:390,0
DA:391,0
DA:392,0
DA:393,0
DA:394,0
DA:395,0
DA:396,0
DA:398,0
DA:399,0
DA:400,0
DA:401,0
DA:402,0
DA:411,1
DA:413,0
DA:414,0
DA:415,0
DA:416,0
DA:417,0
DA:418,0
DA:419,0
DA:420,0
DA:428,2
DA:429,2
DA:430,5
DA:431,1
DA:433,2
DA:434,1
DA:435,2
DA:436,1
DA:437,2
DA:438,1
DA:439,1
DA:446,1
DA:449,2
DA:450,2
DA:451,2
DA:452,1
DA:453,1
DA:456,1
DA:457,1
DA:463,1
DA:465,1
DA:468,1
DA:469,0
DA:472,0
DA:473,0
DA:474,0
DA:475,0
DA:476,0
DA:478,2
DA:479,3
DA:481,2
DA:482,1
DA:483,1
DA:484,1
DA:485,1
DA:486,3
DA:487,1
DA:488,1
DA:489,2
DA:490,2
DA:491,1
DA:497,1
DA:498,3
DA:499,1
DA:500,2
DA:501,2
DA:502,1
DA:511,0
DA:512,0
DA:513,0
DA:517,1
DA:520,1
DA:521,2
DA:522,3
DA:523,1
DA:526,2
DA:527,0
DA:528,0
DA:531,1
DA:533,2
DA:534,0
DA:535,1
DA:536,3
DA:537,1
DA:538,1
DA:539,2
DA:540,1
DA:541,1
DA:542,1
DA:544,1
DA:545,1
DA:546,2
DA:547,1
DA:548,1
DA:549,2
DA:550,1
DA:551,1
DA:552,1
DA:554,0
DA:555,0
DA:556,0
DA:557,0
DA:558,0
DA:565,0
DA:566,0
DA:567,0
DA:568,0
DA:569,0
DA:570,0
DA:578,1
DA:580,1
DA:583,1
DA:584,0
DA:587,0
DA:588,0
DA:589,0
DA:590,0
DA:591,0
DA:593,2
DA:594,3
DA:596,2
DA:597,1
DA:598,1
DA:599,1
DA:600,1
DA:601,3
DA:602,1
DA:603,1
DA:604,2
DA:605,2
DA:606,1
DA:612,0
DA:613,0
DA:614,0
DA:615,0
DA:616,0
DA:617,0
DA:626,0
DA:627,0
DA:628,0
DA:632,1
DA:635,1
DA:636,2
DA:637,0
DA:638,0
DA:641,2
DA:642,0
DA:643,0
DA:646,1
DA:651,1
DA:654,1
DA:655,1
DA:656,1
DA:660,2
DA:661,0
DA:662,1
DA:663,1
DA:664,2
DA:665,1
DA:666,1
DA:667,2
DA:668,1
DA:670,0
DA:671,0
DA:672,0
DA:673,0
DA:674,0
DA:675,0
DA:677,0
DA:678,0
DA:679,0
DA:680,0
DA:681,0
DA:686,1
DA:687,1
DA:688,2
DA:690,2
DA:694,0
DA:695,0
DA:696,0
DA:697,0
DA:705,0
DA:708,0
DA:711,0
DA:713,0
DA:715,0
DA:716,0
DA:725,0
DA:726,0
DA:727,0
DA:730,0
DA:731,0
DA:734,0
DA:735,0
DA:737,0
DA:738,0
DA:743,0
DA:744,0
DA:745,0
DA:747,0
DA:748,0
DA:749,0
DA:750,0
DA:751,0
DA:752,0
DA:753,0
DA:754,0
DA:755,0
DA:757,0
DA:758,0
DA:759,0
DA:765,0
DA:766,0
DA:768,0
DA:770,0
DA:771,0
DA:772,0
DA:773,0
DA:774,0
DA:775,0
DA:779,0
DA:782,0
DA:783,0
DA:784,0
DA:785,0
DA:786,0
DA:791,0
DA:793,0
DA:796,0
DA:797,0
DA:798,0
DA:802,0
DA:804,0
DA:806,0
DA:807,0
DA:808,0
DA:809,0
DA:817,0
DA:819,0
DA:820,0
DA:824,0
DA:827,0
DA:828,0
DA:833,0
DA:834,0
DA:835,0
DA:837,0
DA:838,0
DA:840,0
DA:841,0
DA:843,0
DA:844,0
LF:403
LH:202
end_of_record
SF:lib/src/adapters/gma_bridge.dart
DA:7,2
DA:77,1
DA:81,3
DA:83,2
DA:85,4
DA:88,1
DA:90,2
DA:91,1
DA:95,1
DA:103,1
DA:105,1
DA:107,1
DA:109,1
DA:110,0
DA:111,0
DA:116,1
DA:124,1
DA:126,1
DA:128,1
DA:130,1
DA:131,0
DA:132,0
DA:137,1
DA:145,1
DA:147,1
DA:149,1
DA:151,1
DA:152,0
DA:153,0
DA:159,0
DA:160,0
DA:161,0
DA:162,0
DA:163,0
DA:164,0
DA:165,0
DA:170,0
DA:174,0
DA:176,0
DA:177,0
DA:180,0
DA:182,0
DA:185,0
DA:187,0
DA:188,0
DA:193,0
DA:197,0
DA:199,0
DA:200,0
DA:203,0
DA:205,0
DA:208,0
DA:210,0
DA:211,0
DA:216,0
DA:220,0
DA:222,0
DA:223,0
DA:224,0
DA:228,0
DA:230,0
DA:233,0
DA:235,0
DA:236,0
LF:64
LH:23
end_of_record
SF:lib/src/adapters/applovin_adapter.dart
DA:23,2
DA:28,0
DA:33,2
DA:45,2
DA:49,0
DA:50,0
DA:51,0
DA:52,0
DA:53,0
DA:56,0
DA:58,0
DA:59,0
DA:63,0
DA:64,0
DA:87,1
DA:88,1
DA:90,0
DA:91,0
DA:102,0
DA:103,0
DA:105,0
DA:107,0
DA:110,1
DA:112,1
DA:114,0
DA:117,1
DA:118,1
DA:119,3
DA:120,2
DA:121,2
DA:122,2
DA:125,1
DA:127,2
DA:128,1
DA:130,0
DA:134,3
DA:135,3
DA:141,1
DA:143,0
DA:144,0
DA:146,0
DA:151,0
DA:152,0
DA:153,0
DA:158,1
DA:160,3
DA:161,1
DA:162,1
DA:169,2
DA:170,2
DA:171,2
DA:172,2
DA:174,0
DA:179,2
DA:182,0
DA:184,0
DA:187,1
DA:188,1
DA:189,1
DA:190,1
DA:191,1
DA:192,1
DA:193,1
DA:194,1
DA:195,2
DA:196,2
DA:197,2
DA:198,2
DA:199,3
DA:200,3
DA:201,3
DA:202,3
DA:203,3
DA:204,2
DA:205,1
DA:210,2
DA:211,2
DA:212,2
DA:213,2
DA:214,2
DA:215,2
DA:217,1
DA:218,1
DA:221,0
DA:231,1
DA:232,3
DA:233,1
DA:234,3
DA:235,2
DA:236,2
DA:237,1
DA:243,0
DA:244,0
DA:245,0
DA:246,0
DA:247,0
DA:251,0
DA:254,0
DA:255,0
DA:256,0
DA:257,0
DA:259,1
DA:260,4
DA:261,2
DA:262,1
DA:263,2
DA:264,1
DA:265,1
DA:266,1
DA:270,2
DA:272,2
DA:274,0
DA:275,0
DA:279,0
DA:280,0
DA:281,0
DA:282,0
DA:283,0
DA:288,1
DA:289,3
DA:290,2
DA:291,1
DA:292,2
DA:293,1
DA:294,1
DA:295,1
DA:296,2
DA:298,2
DA:300,0
DA:301,0
DA:308,1
DA:310,1
DA:312,0
DA:315,2
DA:316,0
DA:319,2
DA:320,0
DA:323,1
DA:324,0
DA:325,1
DA:326,3
DA:327,1
DA:328,1
DA:329,1
DA:331,4
DA:333,3
DA:335,0
DA:336,0
DA:340,1
DA:343,1
DA:345,0
DA:348,2
DA:349,0
DA:350,0
DA:353,2
DA:354,0
DA:355,0
DA:358,1
DA:359,1
DA:360,0
DA:361,1
DA:363,3
DA:365,3
DA:367,0
DA:368,0
DA:369,0
DA:370,0
DA:371,0
DA:395,1
DA:397,1
DA:403,1
DA:405,2
DA:406,2
DA:407,2
DA:408,1
DA:409,1
DA:416,2
DA:425,4
DA:426,6
DA:427,2
DA:429,8
DA:430,1
DA:431,2
DA:434,4
DA:435,2
DA:448,1
DA:449,1
DA:450,3
DA:451,2
DA:454,1
DA:455,4
DA:456,2
DA:457,1
DA:458,1
DA:464,2
DA:465,2
DA:466,8
DA:467,4
DA:468,2
DA:469,2
DA:472,2
DA:473,8
DA:474,4
DA:480,1
DA:481,3
DA:482,1
DA:483,3
DA:484,2
DA:485,2
DA:486,1
DA:492,0
DA:493,0
DA:494,0
DA:495,0
DA:496,0
DA:500,0
DA:503,0
DA:504,0
DA:506,0
DA:507,0
DA:508,0
DA:510,0
DA:511,0
DA:513,0
DA:514,0
DA:515,0
DA:518,1
DA:519,1
DA:521,1
DA:522,4
DA:523,2
DA:524,1
DA:525,1
DA:526,1
DA:528,2
DA:530,2
DA:532,0
DA:533,0
DA:537,0
DA:538,0
DA:539,0
DA:540,0
DA:541,0
DA:546,0
DA:547,0
DA:548,0
DA:549,0
DA:550,0
DA:551,0
DA:552,0
DA:554,0
DA:556,0
DA:557,0
DA:564,1
DA:566,1
DA:568,2
DA:569,2
DA:570,3
DA:572,3
DA:574,0
DA:575,0
DA:579,1
DA:582,1
DA:584,0
DA:587,2
DA:588,0
DA:589,0
DA:592,2
DA:593,0
DA:594,0
DA:597,1
DA:598,1
DA:599,0
DA:600,1
DA:601,1
DA:602,3
DA:604,3
DA:606,0
DA:607,0
DA:608,0
DA:609,0
DA:610,0
DA:616,1
DA:617,3
DA:618,1
DA:619,3
DA:620,2
DA:621,2
DA:622,1
DA:628,0
DA:629,0
DA:630,0
DA:631,0
DA:632,0
DA:636,0
DA:639,0
DA:640,0
DA:641,0
DA:642,0
DA:644,0
DA:645,0
DA:646,0
DA:647,0
DA:648,0
DA:649,0
DA:651,0
DA:653,0
DA:655,0
DA:656,0
DA:660,0
DA:661,0
DA:662,0
DA:663,0
DA:664,0
DA:669,1
DA:670,3
DA:671,2
DA:672,1
DA:673,1
DA:674,1
DA:675,2
DA:677,2
DA:679,0
DA:680,0
DA:684,1
DA:690,1
DA:692,2
DA:693,3
DA:696,1
DA:697,1
DA:698,2
DA:700,1
DA:701,1
DA:707,1
DA:709,1
DA:711,2
DA:712,2
DA:713,3
DA:715,3
DA:717,0
DA:718,0
DA:722,1
DA:725,1
DA:727,0
DA:730,2
DA:731,0
DA:732,0
DA:735,2
DA:736,0
DA:737,0
DA:740,1
DA:741,1
DA:742,0
DA:743,1
DA:744,1
DA:745,3
DA:747,3
DA:749,0
DA:750,0
DA:751,0
DA:752,0
DA:753,0
DA:759,0
DA:761,0
DA:763,0
DA:765,0
DA:766,0
DA:767,0
DA:768,0
DA:769,0
DA:770,0
DA:771,0
DA:773,0
DA:774,0
DA:775,0
DA:777,0
DA:778,0
DA:780,0
DA:781,0
DA:782,0
DA:783,0
DA:788,0
DA:790,0
DA:791,0
DA:792,0
DA:793,0
DA:794,0
DA:795,0
DA:796,0
DA:800,0
DA:806,0
DA:807,0
DA:811,0
DA:812,0
DA:813,0
DA:816,0
DA:817,0
DA:819,0
DA:820,0
DA:821,0
DA:825,0
DA:830,0
DA:833,0
DA:841,0
DA:843,0
DA:844,0
DA:845,0
DA:846,0
DA:847,0
DA:848,0
DA:849,0
DA:852,0
DA:855,0
DA:856,0
DA:857,0
DA:860,0
DA:864,0
DA:867,0
DA:869,0
DA:870,0
DA:871,0
DA:872,0
DA:873,0
DA:874,0
DA:875,0
DA:876,0
DA:879,0
DA:882,0
DA:883,0
DA:884,0
DA:885,0
DA:886,0
DA:887,0
DA:888,0
DA:889,0
DA:890,0
DA:891,0
DA:892,0
DA:895,0
LF:439
LH:211
end_of_record
SF:lib/src/adapters/applovin_bridge.dart
DA:37,3
DA:39,1
DA:40,1
DA:42,1
DA:44,1
DA:46,1
DA:48,1
DA:50,1
DA:52,1
DA:54,1
DA:56,1
DA:58,1
DA:60,1
DA:62,1
DA:64,1
DA:66,1
DA:67,1
DA:69,1
DA:70,1
DA:72,1
DA:74,1
DA:76,1
DA:78,1
DA:80,1
DA:81,1
DA:83,1
DA:84,1
DA:86,1
DA:88,1
DA:90,1
DA:92,1
LF:31
LH:31
end_of_record
SF:lib/src/adaptive/adaptive_frequency.dart
DA:15,2
DA:26,0
DA:27,0
DA:28,0
DA:29,0
DA:37,0
DA:40,33
DA:47,2
DA:51,2
DA:52,2
DA:54,4
DA:55,6
DA:56,0
DA:58,1
DA:62,1
DA:63,2
DA:65,11
DA:66,22
LF:18
LH:12
end_of_record
SF:lib/src/vip/_first_install_guard.dart
DA:57,2
DA:75,0
DA:76,0
DA:103,2
DA:104,2
DA:105,2
DA:110,2
DA:111,1
DA:113,2
DA:117,1
DA:151,2
DA:152,2
DA:153,2
DA:157,2
DA:163,2
DA:164,1
DA:166,2
DA:172,1
DA:175,2
DA:179,1
DA:181,2
DA:182,1
DA:183,1
DA:189,1
DA:190,1
LF:25
LH:23
end_of_record
SF:lib/src/vip/_redeemed_key_ledger.dart
DA:24,8
DA:36,4
DA:47,3
DA:48,6
DA:50,2
DA:52,2
DA:53,1
DA:55,2
DA:63,3
DA:64,6
DA:66,2
DA:69,3
DA:70,1
DA:71,4
DA:73,2
DA:79,1
DA:82,2
LF:17
LH:17
end_of_record
SF:lib/src/vip/vip_dialog.dart
DA:9,1
DA:13,1
DA:16,2
DA:18,1
DA:19,2
DA:20,1
DA:22,1
DA:24,1
DA:27,2
DA:37,1
DA:42,2
DA:43,1
DA:46,2
DA:47,1
DA:49,1
DA:56,3
DA:59,1
DA:61,2
DA:63,1
DA:64,1
DA:66,3
DA:67,2
DA:75,1
DA:80,1
DA:83,2
DA:84,1
DA:86,1
DA:93,3
DA:96,1
DA:98,1
DA:100,1
DA:101,1
DA:103,3
DA:104,2
DA:111,1
DA:112,1
DA:113,3
DA:114,6
DA:115,4
LF:39
LH:39
end_of_record
SF:lib/src/widget/shimmer_view.dart
DA:12,4
DA:19,2
DA:20,2
DA:27,2
DA:29,2
DA:34,2
DA:35,4
DA:38,2
DA:41,2
DA:43,4
DA:44,2
DA:45,2
DA:48,2
DA:50,2
DA:53,2
DA:55,2
DA:56,2
DA:57,2
DA:58,2
DA:59,2
DA:60,10
DA:61,6
DA:68,2
DA:70,2
DA:71,4
DA:72,4
DA:73,2
DA:75,6
LF:28
LH:28
end_of_record
